2023.08.29 01:10:52 INFO  Started: Metals version 1.0.1 in folders '/Users/ravija/Desktop/2nd Year Semester I/Functional Programming/Scala/Tutorial 10' for client Visual Studio Code 1.81.1.
Aug 29, 2023 1:10:52 AM org.flywaydb.core.internal.license.VersionPrinter printVersionOnly
INFO: Flyway Community Edition 9.21.2 by Redgate
Aug 29, 2023 1:10:52 AM org.flywaydb.core.internal.license.VersionPrinter printVersion
INFO: See release notes here: https://rd.gt/416ObMi
Aug 29, 2023 1:10:52 AM org.flywaydb.core.internal.license.VersionPrinter printVersion
INFO: 
Aug 29, 2023 1:10:53 AM org.flywaydb.core.FlywayExecutor execute
INFO: Database: jdbc:h2:file:/Users/ravija/Desktop/2nd Year Semester I/Functional Programming/Scala/Tutorial 10/.metals/metals (H2 2.1)
Aug 29, 2023 1:10:53 AM org.flywaydb.core.internal.schemahistory.JdbcTableSchemaHistory allAppliedMigrations
INFO: Schema history table "PUBLIC"."flyway_schema_history" does not exist yet
Aug 29, 2023 1:10:53 AM org.flywaydb.core.internal.command.DbValidate validate
INFO: Successfully validated 4 migrations (execution time 00:00.016s)
Aug 29, 2023 1:10:53 AM org.flywaydb.core.internal.schemahistory.JdbcTableSchemaHistory create
INFO: Creating Schema History table "PUBLIC"."flyway_schema_history" ...
Aug 29, 2023 1:10:53 AM org.flywaydb.core.internal.command.DbMigrate migrateGroup
INFO: Current version of schema "PUBLIC": << Empty Schema >>
Aug 29, 2023 1:10:53 AM org.flywaydb.core.internal.command.DbMigrate doMigrateGroup
INFO: Migrating schema "PUBLIC" to version "1 - Create tables"
Aug 29, 2023 1:10:53 AM org.flywaydb.core.internal.command.DbMigrate doMigrateGroup
INFO: Migrating schema "PUBLIC" to version "2 - Server discovery"
Aug 29, 2023 1:10:53 AM org.flywaydb.core.internal.command.DbMigrate doMigrateGroup
INFO: Migrating schema "PUBLIC" to version "3 - Jar symbols"
Aug 29, 2023 1:10:53 AM org.flywaydb.core.internal.command.DbMigrate doMigrateGroup
INFO: Migrating schema "PUBLIC" to version "4 - Fingerprints"
Aug 29, 2023 1:10:53 AM org.flywaydb.core.internal.command.DbMigrate logSummary
INFO: Successfully applied 4 migrations to schema "PUBLIC", now at version v4 (execution time 00:00.032s)
2023.08.29 01:10:53 INFO  time: initialize in 0.77s
2023.08.29 01:11:01 INFO  Running List(/Users/ravija/Library/Application Support/Coursier/bin/scala-cli, setup-ide, /Users/ravija/Desktop/2nd Year Semester I/Functional Programming/Scala/Tutorial 10)
2023.08.29 01:11:01 INFO  Attempting to connect to the build server...
2023.08.29 01:11:02 INFO  Attempting to connect to the build server...
2023.08.29 01:11:01 INFO  Running BSP server List(/Users/ravija/Library/Application Support/Coursier/bin/.scala-cli.aux, bsp, --json-options, /Users/ravija/Desktop/2nd Year Semester I/Functional Programming/Scala/Tutorial 10/.scala-build/ide-options-v2.json, /Users/ravija/Desktop/2nd Year Semester I/Functional Programming/Scala/Tutorial 10)
2023.08.29 01:11:02 INFO  Running BSP server List(/Users/ravija/Library/Application Support/Coursier/bin/.scala-cli.aux, bsp, --json-options, /Users/ravija/Desktop/2nd Year Semester I/Functional Programming/Scala/Tutorial 10/.scala-build/ide-options-v2.json, /Users/ravija/Desktop/2nd Year Semester I/Functional Programming/Scala/Tutorial 10)
2023.08.29 01:11:02 INFO  tracing is disabled for protocol BSP, to enable tracing of incoming and outgoing JSON messages create an empty file at /Users/ravija/Desktop/2nd Year Semester I/Functional Programming/Scala/Tutorial 10/.metals/bsp.trace.json or /Users/ravija/Library/Caches/org.scalameta.metals/bsp.trace.json
2023.08.29 01:11:02 INFO  tracing is disabled for protocol BSP, to enable tracing of incoming and outgoing JSON messages create an empty file at /Users/ravija/Desktop/2nd Year Semester I/Functional Programming/Scala/Tutorial 10/.metals/bsp.trace.json or /Users/ravija/Library/Caches/org.scalameta.metals/bsp.trace.json
2023.08.29 01:11:05 INFO  BSP server: Checking https://repo1.maven.org/maven2/org/scala-lang/scala-library/
2023.08.29 01:11:05 INFO  BSP server: Checked https://repo1.maven.org/maven2/org/scala-lang/scala-library/
2023.08.29 01:11:05 INFO  BSP server: Checking https://repo1.maven.org/maven2/org/scala-lang/scala-library/maven-metadata.xml
2023.08.29 01:11:05 INFO  BSP server: Checked https://repo1.maven.org/maven2/org/scala-lang/scala-library/maven-metadata.xml
2023.08.29 01:11:05 INFO  BSP server: Checking https://repo1.maven.org/maven2/org/scala-lang/scala3-library_3/
2023.08.29 01:11:05 INFO  BSP server: Checking https://repo1.maven.org/maven2/org/scala-lang/scala-library/
2023.08.29 01:11:05 INFO  BSP server: Checked https://repo1.maven.org/maven2/org/scala-lang/scala-library/
2023.08.29 01:11:05 INFO  BSP server: Checked https://repo1.maven.org/maven2/org/scala-lang/scala3-library_3/
2023.08.29 01:11:05 INFO  BSP server: Downloading https://repo1.maven.org/maven2/org/scala-lang/scala3-library_3/
2023.08.29 01:11:05 INFO  BSP server: Checking https://repo1.maven.org/maven2/org/scala-lang/scala3-library_3/
2023.08.29 01:11:05 INFO  BSP server: Checked https://repo1.maven.org/maven2/org/scala-lang/scala3-library_3/
2023.08.29 01:11:05 INFO  BSP server: Downloading https://repo1.maven.org/maven2/org/scala-lang/scala3-library_3/
2023.08.29 01:11:05 INFO  BSP server: (watching) Downloaded https://repo1.maven.org/maven2/org/scala-lang/scala3-library_3/
2023.08.29 01:11:05 INFO  BSP server: Downloaded https://repo1.maven.org/maven2/org/scala-lang/scala3-library_3/
2023.08.29 01:11:05 INFO  BSP server: Checking https://repo1.maven.org/maven2/org/scala-lang/scala3-library_3/maven-metadata.xml
2023.08.29 01:11:05 INFO  BSP server: Checked https://repo1.maven.org/maven2/org/scala-lang/scala3-library_3/maven-metadata.xml
2023.08.29 01:11:05 INFO  BSP server: Downloading https://repo1.maven.org/maven2/org/scala-lang/scala3-library_3/maven-metadata.xml
2023.08.29 01:11:05 INFO  BSP server: Checking https://repo1.maven.org/maven2/org/scala-lang/scala3-library_3/maven-metadata.xml
2023.08.29 01:11:05 INFO  BSP server: Checked https://repo1.maven.org/maven2/org/scala-lang/scala3-library_3/maven-metadata.xml
2023.08.29 01:11:05 INFO  BSP server: Downloading https://repo1.maven.org/maven2/org/scala-lang/scala3-library_3/maven-metadata.xml
2023.08.29 01:11:06 INFO  BSP server: (watching) Downloaded https://repo1.maven.org/maven2/org/scala-lang/scala3-library_3/maven-metadata.xml
2023.08.29 01:11:05 INFO  BSP server: Downloaded https://repo1.maven.org/maven2/org/scala-lang/scala3-library_3/maven-metadata.xml
2023.08.29 01:11:06 INFO  time: Connected to build server in 4.49s
2023.08.29 01:11:06 INFO  Connected to Build server: scala-cli v1.0.1
2023.08.29 01:11:06 INFO  time: Connected to build server in 4.56s
2023.08.29 01:11:06 INFO  Connected to Build server: scala-cli v1.0.1
2023.08.29 01:11:06 INFO  Disconnecting from scala-cli session...
2023.08.29 01:11:06 INFO  Shut down connection with build server.
2023.08.29 01:11:06 INFO  Attempting to connect to the build server...
2023.08.29 01:11:06 INFO  Running BSP server List(/Users/ravija/Library/Application Support/Coursier/bin/.scala-cli.aux, bsp, --json-options, /Users/ravija/Desktop/2nd Year Semester I/Functional Programming/Scala/Tutorial 10/.scala-build/ide-options-v2.json, /Users/ravija/Desktop/2nd Year Semester I/Functional Programming/Scala/Tutorial 10)
2023.08.29 01:11:06 INFO  tracing is disabled for protocol BSP, to enable tracing of incoming and outgoing JSON messages create an empty file at /Users/ravija/Desktop/2nd Year Semester I/Functional Programming/Scala/Tutorial 10/.metals/bsp.trace.json or /Users/ravija/Library/Caches/org.scalameta.metals/bsp.trace.json
2023.08.29 01:11:07 INFO  Deduplicating compilation of project_bd2c96d2de from bsp client 'scala-cli 1.0.1' (since 4.554s)
2023.08.29 01:11:07 INFO  compiling project_bd2c96d2de (2 scala sources)
2023.08.29 01:11:07 INFO  compiling project_bd2c96d2de (2 scala sources)
2023.08.29 01:11:07 INFO  no build target found for /Users/ravija/Desktop/2nd Year Semester I/Functional Programming/Scala/Tutorial 10/Q01.scala. Using presentation compiler with project's scala-library version: 3.3.0
2023.08.29 01:11:08 INFO  time: code lens generation in 10s
Aug 29, 2023 1:11:08 AM org.eclipse.lsp4j.jsonrpc.RemoteEndpoint handleCancellation
WARNING: Unmatched cancel notification for request id 1
Aug 29, 2023 1:11:08 AM org.eclipse.lsp4j.jsonrpc.RemoteEndpoint handleCancellation
WARNING: Unmatched cancel notification for request id 4
2023.08.29 01:11:08 INFO  time: Connected to build server in 1.48s
2023.08.29 01:11:08 INFO  Connected to Build server: scala-cli v1.0.1
Aug 29, 2023 1:11:08 AM org.eclipse.lsp4j.jsonrpc.RemoteEndpoint handleCancellation
WARNING: Unmatched cancel notification for request id 2
2023.08.29 01:11:08 INFO  time: Imported build in 0.13s
2023.08.29 01:11:08 INFO  Deduplicating compilation of project_bd2c96d2de from bsp client 'scala-cli 1.0.1' (since 5.422s)
2023.08.29 01:11:08 INFO  compiling project_bd2c96d2de (2 scala sources)
2023.08.29 01:11:08 INFO  compiling project_bd2c96d2de (2 scala sources)
2023.08.29 01:11:13 INFO  no build target found for /Users/ravija/Desktop/2nd Year Semester I/Functional Programming/Scala/Tutorial 10/Q02.scala. Using presentation compiler with project's scala-library version: 3.3.0
2023.08.29 01:11:13 INFO  time: compiled project_bd2c96d2de in 5.25s
2023.08.29 01:11:13 INFO  time: compiled project_bd2c96d2de in 4.76s
2023.08.29 01:11:13 INFO  Deduplicating compilation of project_bd2c96d2de from bsp client 'scala-cli 1.0.1' (since 1.354s)
2023.08.29 01:11:13 INFO  Deduplicating compilation of project_bd2c96d2de from bsp client 'scala-cli 1.0.1' (since 1.36s)
2023.08.29 01:11:13 INFO  compiling project_bd2c96d2de (2 scala sources)
2023.08.29 01:11:13 INFO  compiling project_bd2c96d2de (2 scala sources)
2023.08.29 01:11:13 INFO  time: compiled project_bd2c96d2de in 69ms
2023.08.29 01:11:14 INFO  time: Imported build in 5.96s
2023.08.29 01:11:15 INFO  time: indexed workspace in 6.62s
2023.08.29 01:11:15 WARN  Could not find semantic tokens for: file:///Users/ravija/Desktop/2nd%20Year%20Semester%20I/Functional%20Programming/Scala/Tutorial%2010/Q02.scala
2023.08.29 01:11:18 INFO  compiling project_bd2c96d2de (2 scala sources)
2023.08.29 01:11:18 INFO  time: compiled project_bd2c96d2de in 0.62s
2023.08.29 01:11:19 INFO  Refreshed build after change
2023.08.29 01:11:19 INFO  compiling project_bd2c96d2de (2 scala sources)
2023.08.29 01:11:20 INFO  time: indexed workspace in 5.9s
2023.08.29 01:11:20 INFO  time: compiled project_bd2c96d2de in 1.11s
2023.08.29 01:11:20 INFO  compiling project_bd2c96d2de (2 scala sources)
2023.08.29 01:11:20 INFO  time: compiled project_bd2c96d2de in 0.56s
2023.08.29 01:11:20 INFO  compiling project_bd2c96d2de (2 scala sources)
2023.08.29 01:11:20 INFO  time: compiled project_bd2c96d2de in 0.2s
2023.08.29 01:11:22 WARN  Could not find semantic tokens for: file:///Users/ravija/Desktop/2nd%20Year%20Semester%20I/Functional%20Programming/Scala/Tutorial%2010/Q01.scala
2023.08.29 01:11:23 INFO  compiling project_bd2c96d2de (2 scala sources)
2023.08.29 01:11:26 INFO  time: compiled project_bd2c96d2de in 2.48s
2023.08.29 01:12:06 INFO  compiling project_bd2c96d2de (1 scala source)
2023.08.29 01:12:06 INFO  time: compiled project_bd2c96d2de in 0.92s
2023.08.29 01:12:12 INFO  compiling project_bd2c96d2de (1 scala source)
2023.08.29 01:12:15 INFO  time: compiled project_bd2c96d2de in 2.85s
Aug 29, 2023 1:12:35 AM org.eclipse.lsp4j.jsonrpc.services.GenericEndpoint notify
INFO: Unsupported notification method: $/setTrace
2023.08.29 01:17:46 INFO  Shutting down server
2023.08.29 01:17:46 INFO  shutting down Metals
2023.08.29 01:17:46 INFO  Shut down connection with build server.
2023.08.29 01:17:46 INFO  Running BSP server List(/Users/ravija/Library/Application Support/Coursier/bin/.scala-cli.aux, bsp, --json-options, /Users/ravija/Desktop/2nd Year Semester I/Functional Programming/Scala/Tutorial 10/.scala-build/ide-options-v2.json, /Users/ravija/Desktop/2nd Year Semester I/Functional Programming/Scala/Tutorial 10)
2023.08.29 01:17:46 INFO  Exiting server
2023.08.31 22:05:29 INFO  Started: Metals version 1.0.1 in folders '/Users/ravija/Desktop/2nd Year Semester I/Functional Programming/Scala/Tutorial 10' for client Visual Studio Code 1.81.1.
Aug 31, 2023 10:05:29 PM org.flywaydb.core.internal.license.VersionPrinter printVersionOnly
INFO: Flyway Community Edition 9.21.2 by Redgate
Aug 31, 2023 10:05:29 PM org.flywaydb.core.internal.license.VersionPrinter printVersion
INFO: See release notes here: https://rd.gt/416ObMi
Aug 31, 2023 10:05:29 PM org.flywaydb.core.internal.license.VersionPrinter printVersion
INFO: 
Aug 31, 2023 10:05:29 PM org.flywaydb.core.FlywayExecutor execute
INFO: Database: jdbc:h2:file:/Users/ravija/Desktop/2nd Year Semester I/Functional Programming/Scala/Tutorial 10/.metals/metals (H2 2.1)
Aug 31, 2023 10:05:29 PM org.flywaydb.core.internal.command.DbValidate validate
INFO: Successfully validated 4 migrations (execution time 00:00.025s)
Aug 31, 2023 10:05:29 PM org.flywaydb.core.internal.command.DbMigrate migrateGroup
INFO: Current version of schema "PUBLIC": 4
Aug 31, 2023 10:05:30 PM org.flywaydb.core.internal.command.DbMigrate logSummary
INFO: Schema "PUBLIC" is up to date. No migration necessary.
2023.08.31 22:05:30 INFO  time: initialize in 0.84s
2023.08.31 22:05:35 INFO  Attempting to connect to the build server...
2023.08.31 22:05:35 WARN  No build session currently active to reload.
2023.08.31 22:05:35 INFO  Running BSP server List(/Users/ravija/Library/Application Support/Coursier/bin/.scala-cli.aux, bsp, --json-options, /Users/ravija/Desktop/2nd Year Semester I/Functional Programming/Scala/Tutorial 10/.scala-build/ide-options-v2.json, /Users/ravija/Desktop/2nd Year Semester I/Functional Programming/Scala/Tutorial 10)
2023.08.31 22:05:35 INFO  tracing is disabled for protocol BSP, to enable tracing of incoming and outgoing JSON messages create an empty file at /Users/ravija/Desktop/2nd Year Semester I/Functional Programming/Scala/Tutorial 10/.metals/bsp.trace.json or /Users/ravija/Library/Caches/org.scalameta.metals/bsp.trace.json
2023.08.31 22:05:39 INFO  BSP server: Checking https://repo1.maven.org/maven2/org/scala-lang/scala-library/
2023.08.31 22:05:39 INFO  BSP server: Checked https://repo1.maven.org/maven2/org/scala-lang/scala-library/
2023.08.31 22:05:39 INFO  BSP server: Checking https://repo1.maven.org/maven2/org/scala-lang/scala-library/maven-metadata.xml
2023.08.31 22:05:39 INFO  BSP server: Checked https://repo1.maven.org/maven2/org/scala-lang/scala-library/maven-metadata.xml
2023.08.31 22:05:39 INFO  BSP server: Checking https://repo1.maven.org/maven2/org/scala-lang/scala3-library_3/
2023.08.31 22:05:39 INFO  BSP server: Checked https://repo1.maven.org/maven2/org/scala-lang/scala3-library_3/
2023.08.31 22:05:39 INFO  BSP server: Downloading https://repo1.maven.org/maven2/org/scala-lang/scala3-library_3/
2023.08.31 22:05:39 INFO  BSP server: Downloaded https://repo1.maven.org/maven2/org/scala-lang/scala3-library_3/
2023.08.31 22:05:39 INFO  BSP server: Checking https://repo1.maven.org/maven2/org/scala-lang/scala3-library_3/maven-metadata.xml
2023.08.31 22:05:39 INFO  BSP server: Checked https://repo1.maven.org/maven2/org/scala-lang/scala3-library_3/maven-metadata.xml
2023.08.31 22:05:39 INFO  BSP server: Downloading https://repo1.maven.org/maven2/org/scala-lang/scala3-library_3/maven-metadata.xml
2023.08.31 22:05:40 INFO  BSP server: Downloaded https://repo1.maven.org/maven2/org/scala-lang/scala3-library_3/maven-metadata.xml
2023.08.31 22:05:40 INFO  time: Connected to build server in 5.78s
2023.08.31 22:05:40 INFO  Connected to Build server: scala-cli v1.0.1
2023.08.31 22:05:44 INFO  no build target found for /Users/ravija/Desktop/2nd Year Semester I/Functional Programming/Scala/Tutorial 10/Q01.scala. Using presentation compiler with project's scala-library version: 3.3.0
2023.08.31 22:05:44 INFO  time: Imported build in 0.31s
2023.08.31 22:05:49 INFO  no build target found for /Users/ravija/Desktop/2nd Year Semester I/Functional Programming/Scala/Tutorial 10/Q01.scala. Using presentation compiler with project's scala-library version: 3.3.0
2023.08.31 22:05:52 INFO  time: code lens generation in 7.71s
2023.08.31 22:05:52 INFO  time: code lens generation in 2.25s
2023.08.31 22:05:57 INFO  time: indexed workspace in 12s
2023.08.31 22:06:06 INFO  compiling project_bd2c96d2de (1 scala source)
2023.08.31 22:06:08 INFO  time: compiled project_bd2c96d2de in 2.8s
2023.08.31 22:06:08 INFO  compiling project_bd2c96d2de (1 scala source)
2023.08.31 22:06:11 INFO  time: compiled project_bd2c96d2de in 2.05s
2023.08.31 22:30:27 INFO  compiling project_bd2c96d2de (1 scala source)
2023.08.31 22:30:30 INFO  time: compiled project_bd2c96d2de in 2.96s
2023.08.31 22:30:31 WARN  Could not load snapshot text for /Users/ravija/Desktop/2nd Year Semester I/Functional Programming/Scala/Tutorial 10/Q01.scala
2023.08.31 22:30:43 WARN  Could not load snapshot text for /Users/ravija/Desktop/2nd Year Semester I/Functional Programming/Scala/Tutorial 10/Q01.scala
2023.08.31 22:30:43 WARN  Could not load snapshot text for /Users/ravija/Desktop/2nd Year Semester I/Functional Programming/Scala/Tutorial 10/Q01.scala
2023.08.31 22:30:45 INFO  compiling project_bd2c96d2de (1 scala source)
2023.08.31 22:30:47 INFO  time: compiled project_bd2c96d2de in 2.06s
2023.09.01 13:32:15 INFO  Shutting down server
2023.09.01 13:32:15 INFO  shutting down Metals
2023.09.01 13:32:16 INFO  Shut down connection with build server.
2023.09.01 13:32:15 INFO  Exiting server
2023.09.01 13:32:46 INFO  Started: Metals version 1.0.1 in folders '/Users/ravija/Desktop/2nd Year Semester I/Functional Programming/Scala/Tutorial 10' for client Visual Studio Code 1.81.1.
Sep 01, 2023 1:32:46 PM org.flywaydb.core.internal.license.VersionPrinter printVersionOnly
INFO: Flyway Community Edition 9.21.2 by Redgate
Sep 01, 2023 1:32:46 PM org.flywaydb.core.internal.license.VersionPrinter printVersion
INFO: See release notes here: https://rd.gt/416ObMi
Sep 01, 2023 1:32:46 PM org.flywaydb.core.internal.license.VersionPrinter printVersion
INFO: 
Sep 01, 2023 1:32:46 PM org.flywaydb.core.FlywayExecutor execute
INFO: Database: jdbc:h2:file:/Users/ravija/Desktop/2nd Year Semester I/Functional Programming/Scala/Tutorial 10/.metals/metals (H2 2.1)
Sep 01, 2023 1:32:46 PM org.flywaydb.core.internal.command.DbValidate validate
INFO: Successfully validated 4 migrations (execution time 00:00.026s)
Sep 01, 2023 1:32:46 PM org.flywaydb.core.internal.command.DbMigrate migrateGroup
INFO: Current version of schema "PUBLIC": 4
Sep 01, 2023 1:32:46 PM org.flywaydb.core.internal.command.DbMigrate logSummary
INFO: Schema "PUBLIC" is up to date. No migration necessary.
2023.09.01 13:32:47 INFO  time: initialize in 0.89s
2023.09.01 13:32:52 INFO  Attempting to connect to the build server...
2023.09.01 13:32:52 WARN  No build session currently active to reload.
2023.09.01 13:32:52 INFO  Running BSP server List(/Users/ravija/Library/Application Support/Coursier/bin/.scala-cli.aux, bsp, --json-options, /Users/ravija/Desktop/2nd Year Semester I/Functional Programming/Scala/Tutorial 10/.scala-build/ide-options-v2.json, /Users/ravija/Desktop/2nd Year Semester I/Functional Programming/Scala/Tutorial 10)
2023.09.01 13:32:52 INFO  tracing is disabled for protocol BSP, to enable tracing of incoming and outgoing JSON messages create an empty file at /Users/ravija/Desktop/2nd Year Semester I/Functional Programming/Scala/Tutorial 10/.metals/bsp.trace.json or /Users/ravija/Library/Caches/org.scalameta.metals/bsp.trace.json
2023.09.01 13:32:54 INFO  time: Connected to build server in 1.99s
2023.09.01 13:32:54 INFO  Connected to Build server: scala-cli v1.0.1
2023.09.01 13:32:58 INFO  no build target found for /Users/ravija/Desktop/2nd Year Semester I/Functional Programming/Scala/Tutorial 10/Q01.scala. Using presentation compiler with project's scala-library version: 3.3.0
2023.09.01 13:32:59 INFO  time: Imported build in 0.59s
2023.09.01 13:33:03 INFO  no build target found for /Users/ravija/Desktop/2nd Year Semester I/Functional Programming/Scala/Tutorial 10/Q01.scala. Using presentation compiler with project's scala-library version: 3.3.0
2023.09.01 13:33:05 INFO  time: code lens generation in 6.69s
2023.09.01 13:33:10 INFO  time: indexed workspace in 11s
2023.09.01 13:33:39 INFO  compiling project_bd2c96d2de (1 scala source)
2023.09.01 13:33:41 INFO  time: compiled project_bd2c96d2de in 1.99s
2023.09.01 13:33:42 INFO  compiling project_bd2c96d2de (1 scala source)
2023.09.01 13:33:42 INFO  time: compiled project_bd2c96d2de in 0.34s
2023.09.01 13:33:51 INFO  compiling project_bd2c96d2de (1 scala source)
2023.09.01 13:33:51 INFO  time: compiled project_bd2c96d2de in 0.99s
2023.09.01 13:34:00 INFO  compiling project_bd2c96d2de (1 scala source)
2023.09.01 13:34:02 INFO  time: compiled project_bd2c96d2de in 1.31s
2023.09.01 13:34:02 INFO  compiling project_bd2c96d2de (1 scala source)
2023.09.01 13:34:03 INFO  time: compiled project_bd2c96d2de in 0.56s
2023.09.01 13:34:18 INFO  compiling project_bd2c96d2de (1 scala source)
2023.09.01 13:34:19 INFO  time: compiled project_bd2c96d2de in 1.14s
2023.09.01 13:34:19 INFO  compiling project_bd2c96d2de (1 scala source)
2023.09.01 13:34:20 INFO  time: compiled project_bd2c96d2de in 0.16s
2023.09.01 13:34:23 INFO  compiling project_bd2c96d2de (1 scala source)
2023.09.01 13:34:25 INFO  time: compiled project_bd2c96d2de in 1.85s
2023.09.01 13:34:27 INFO  compiling project_bd2c96d2de (1 scala source)
2023.09.01 13:34:29 INFO  time: compiled project_bd2c96d2de in 2.09s
2023.09.01 13:34:34 INFO  compiling project_bd2c96d2de (1 scala source)
2023.09.01 13:34:35 INFO  time: compiled project_bd2c96d2de in 1.33s
2023.09.01 13:34:49 INFO  compiling project_bd2c96d2de (1 scala source)
2023.09.01 13:34:49 INFO  time: compiled project_bd2c96d2de in 0.94s
2023.09.01 13:35:03 INFO  compiling project_bd2c96d2de (1 scala source)
2023.09.01 13:35:05 INFO  time: compiled project_bd2c96d2de in 2.03s
2023.09.01 13:35:06 INFO  compiling project_bd2c96d2de (1 scala source)
2023.09.01 13:35:06 INFO  time: compiled project_bd2c96d2de in 0.38s
2023.09.01 13:35:08 INFO  compiling project_bd2c96d2de (1 scala source)
2023.09.01 13:35:08 INFO  time: compiled project_bd2c96d2de in 0.15s
2023.09.01 13:35:15 INFO  compiling project_bd2c96d2de (1 scala source)
2023.09.01 13:35:16 INFO  time: compiled project_bd2c96d2de in 1.31s
2023.09.01 13:35:16 INFO  compiling project_bd2c96d2de (1 scala source)
2023.09.01 13:35:16 INFO  time: compiled project_bd2c96d2de in 0.23s
2023.09.01 13:35:19 INFO  compiling project_bd2c96d2de (1 scala source)
2023.09.01 13:35:20 INFO  time: compiled project_bd2c96d2de in 1.04s
2023.09.01 13:35:26 INFO  compiling project_bd2c96d2de (1 scala source)
2023.09.01 13:35:27 INFO  time: compiled project_bd2c96d2de in 1.32s
2023.09.01 13:35:37 INFO  compiling project_bd2c96d2de (1 scala source)
2023.09.01 13:35:38 INFO  time: compiled project_bd2c96d2de in 1.37s
2023.09.01 13:35:46 INFO  compiling project_bd2c96d2de (1 scala source)
2023.09.01 13:35:48 INFO  time: compiled project_bd2c96d2de in 1.7s
2023.09.01 13:35:48 INFO  compiling project_bd2c96d2de (1 scala source)
2023.09.01 13:35:50 INFO  time: compiled project_bd2c96d2de in 1.51s
2023.09.01 13:37:10 INFO  compiling project_bd2c96d2de (1 scala source)
2023.09.01 13:37:11 INFO  time: compiled project_bd2c96d2de in 1.06s
2023.09.01 13:37:11 INFO  compiling project_bd2c96d2de (1 scala source)
2023.09.01 13:37:13 INFO  time: compiled project_bd2c96d2de in 0.89s
2023.09.01 13:37:14 INFO  compiling project_bd2c96d2de (1 scala source)
2023.09.01 13:37:16 INFO  time: compiled project_bd2c96d2de in 1.26s
2023.09.01 13:37:17 INFO  compiling project_bd2c96d2de (1 scala source)
2023.09.01 13:37:17 INFO  time: compiled project_bd2c96d2de in 0.24s
2023.09.01 13:37:19 INFO  compiling project_bd2c96d2de (1 scala source)
2023.09.01 13:37:21 INFO  time: compiled project_bd2c96d2de in 1.52s
2023.09.01 13:37:25 INFO  compiling project_bd2c96d2de (1 scala source)
2023.09.01 13:37:27 INFO  time: compiled project_bd2c96d2de in 1.88s
2023.09.01 13:37:57 INFO  compiling project_bd2c96d2de (1 scala source)
2023.09.01 13:37:58 INFO  time: compiled project_bd2c96d2de in 1.17s
2023.09.01 13:37:58 INFO  compiling project_bd2c96d2de (1 scala source)
2023.09.01 13:37:59 INFO  time: compiled project_bd2c96d2de in 0.87s
2023.09.01 13:38:08 INFO  compiling project_bd2c96d2de (1 scala source)
2023.09.01 13:38:09 INFO  time: compiled project_bd2c96d2de in 1.77s
2023.09.01 13:38:28 INFO  compiling project_bd2c96d2de (1 scala source)
2023.09.01 13:38:29 INFO  time: compiled project_bd2c96d2de in 1.65s
2023.09.01 13:38:43 INFO  compiling project_bd2c96d2de (1 scala source)
2023.09.01 13:38:43 INFO  time: compiled project_bd2c96d2de in 0.98s
2023.09.01 13:38:49 INFO  compiling project_bd2c96d2de (1 scala source)
2023.09.01 13:38:51 INFO  time: compiled project_bd2c96d2de in 1.9s
2023.09.01 13:38:51 INFO  compiling project_bd2c96d2de (1 scala source)
2023.09.01 13:38:51 WARN  Could not load snapshot text for /Users/ravija/Desktop/2nd Year Semester I/Functional Programming/Scala/Tutorial 10/Q01.scala
2023.09.01 13:38:51 INFO  time: compiled project_bd2c96d2de in 0.34s
2023.09.01 13:39:04 INFO  compiling project_bd2c96d2de (1 scala source)
2023.09.01 13:39:06 INFO  time: compiled project_bd2c96d2de in 2.1s
2023.09.01 13:39:06 WARN  Could not load snapshot text for /Users/ravija/Desktop/2nd Year Semester I/Functional Programming/Scala/Tutorial 10/Q01.scala
2023.09.01 13:39:08 WARN  Could not load snapshot text for /Users/ravija/Desktop/2nd Year Semester I/Functional Programming/Scala/Tutorial 10/Q01.scala
2023.09.01 13:39:09 WARN  Could not load snapshot text for /Users/ravija/Desktop/2nd Year Semester I/Functional Programming/Scala/Tutorial 10/Q01.scala
2023.09.01 13:39:09 WARN  Could not load snapshot text for /Users/ravija/Desktop/2nd Year Semester I/Functional Programming/Scala/Tutorial 10/Q01.scala
2023.09.01 13:39:11 INFO  compiling project_bd2c96d2de (1 scala source)
2023.09.01 13:39:13 INFO  time: compiled project_bd2c96d2de in 1.67s
2023.09.01 13:39:27 INFO  compiling project_bd2c96d2de (1 scala source)
2023.09.01 13:39:28 INFO  time: compiled project_bd2c96d2de in 1.44s
2023.09.01 13:39:37 INFO  compiling project_bd2c96d2de (1 scala source)
2023.09.01 13:39:39 INFO  time: compiled project_bd2c96d2de in 1.27s
2023.09.01 13:39:39 INFO  compiling project_bd2c96d2de (1 scala source)
2023.09.01 13:39:41 INFO  time: compiled project_bd2c96d2de in 1.51s
2023.09.01 13:40:54 INFO  compiling project_bd2c96d2de (1 scala source)
2023.09.01 13:40:55 INFO  time: compiled project_bd2c96d2de in 1.01s
2023.09.01 13:40:58 INFO  compiling project_bd2c96d2de (1 scala source)
2023.09.01 13:41:01 INFO  time: compiled project_bd2c96d2de in 2.38s
2023.09.01 13:41:49 INFO  compiling project_bd2c96d2de (1 scala source)
2023.09.01 13:41:52 INFO  time: compiled project_bd2c96d2de in 2.21s
2023.09.01 13:41:52 INFO  compiling project_bd2c96d2de (1 scala source)
2023.09.01 13:41:53 INFO  time: compiled project_bd2c96d2de in 1.1s
2023.09.01 13:41:54 WARN  Could not load snapshot text for /Users/ravija/Desktop/2nd Year Semester I/Functional Programming/Scala/Tutorial 10/Q01.scala
2023.09.01 13:41:57 WARN  Could not load snapshot text for /Users/ravija/Desktop/2nd Year Semester I/Functional Programming/Scala/Tutorial 10/Q01.scala
2023.09.01 13:41:57 WARN  Could not load snapshot text for /Users/ravija/Desktop/2nd Year Semester I/Functional Programming/Scala/Tutorial 10/Q01.scala
Sep 01, 2023 1:42:02 PM org.eclipse.lsp4j.jsonrpc.RemoteEndpoint handleCancellation
WARNING: Unmatched cancel notification for request id 713
2023.09.01 13:42:06 WARN  Could not load snapshot text for /Users/ravija/Desktop/2nd Year Semester I/Functional Programming/Scala/Tutorial 10/Q01.scala
2023.09.01 13:42:06 WARN  Could not load snapshot text for /Users/ravija/Desktop/2nd Year Semester I/Functional Programming/Scala/Tutorial 10/Q01.scala
2023.09.01 13:42:07 WARN  Could not load snapshot text for /Users/ravija/Desktop/2nd Year Semester I/Functional Programming/Scala/Tutorial 10/Q01.scala
2023.09.01 13:42:08 INFO  compiling project_bd2c96d2de (1 scala source)
2023.09.01 13:42:10 WARN  Could not load snapshot text for /Users/ravija/Desktop/2nd Year Semester I/Functional Programming/Scala/Tutorial 10/Q01.scala
2023.09.01 13:42:10 WARN  Could not load snapshot text for /Users/ravija/Desktop/2nd Year Semester I/Functional Programming/Scala/Tutorial 10/Q01.scala
2023.09.01 13:42:10 INFO  time: compiled project_bd2c96d2de in 1.98s
2023.09.01 13:42:10 INFO  compiling project_bd2c96d2de (1 scala source)
2023.09.01 13:42:13 INFO  time: compiled project_bd2c96d2de in 1.43s
2023.09.01 13:43:14 INFO  Disconnecting from scala-cli session...
2023.09.01 13:43:14 INFO  Shut down connection with build server.
2023.09.01 13:43:14 INFO  Attempting to connect to the build server...
2023.09.01 13:43:14 INFO  Cancelling compilation on scala-cli server
2023.09.01 13:43:14 INFO  Running BSP server List(/Users/ravija/Library/Application Support/Coursier/bin/.scala-cli.aux, bsp, --json-options, /Users/ravija/Desktop/2nd Year Semester I/Functional Programming/Scala/Tutorial 10/.scala-build/ide-options-v2.json, /Users/ravija/Desktop/2nd Year Semester I/Functional Programming/Scala/Tutorial 10)
2023.09.01 13:43:14 INFO  tracing is disabled for protocol BSP, to enable tracing of incoming and outgoing JSON messages create an empty file at /Users/ravija/Desktop/2nd Year Semester I/Functional Programming/Scala/Tutorial 10/.metals/bsp.trace.json or /Users/ravija/Library/Caches/org.scalameta.metals/bsp.trace.json
2023.09.01 13:43:15 INFO  time: Connected to build server in 1.22s
2023.09.01 13:43:15 INFO  Connected to Build server: scala-cli v1.0.1
2023.09.01 13:43:15 INFO  Deduplicating compilation of project_bd2c96d2de from bsp client 'scala-cli 1.0.1' (since 10m 22.569s)
2023.09.01 13:43:15 INFO  compiling project_bd2c96d2de (3 scala sources)
2023.09.01 13:43:15 INFO  time: compiled project_bd2c96d2de in 0.54s
2023.09.01 13:43:15 INFO  compiling project_bd2c96d2de (3 scala sources)
2023.09.01 13:43:15 INFO  time: compiled project_bd2c96d2de in 0.27s
2023.09.01 13:43:20 INFO  time: indexed workspace in 4.74s
2023.09.01 13:43:21 INFO  compiling project_bd2c96d2de (3 scala sources)
2023.09.01 13:43:25 INFO  time: compiled project_bd2c96d2de in 4.5s
Sep 01, 2023 1:43:26 PM org.eclipse.lsp4j.jsonrpc.RemoteEndpoint handleCancellation
WARNING: Unmatched cancel notification for request id 760
Sep 01, 2023 1:43:26 PM org.eclipse.lsp4j.jsonrpc.RemoteEndpoint handleCancellation
WARNING: Unmatched cancel notification for request id 762
Sep 01, 2023 1:43:26 PM org.eclipse.lsp4j.jsonrpc.RemoteEndpoint handleCancellation
WARNING: Unmatched cancel notification for request id 763
2023.09.01 13:43:26 INFO  Refreshed build after change
2023.09.01 13:43:25 INFO  compiling project_bd2c96d2de (3 scala sources)
2023.09.01 13:43:28 INFO  time: compiled project_bd2c96d2de in 1.42s
2023.09.01 13:44:54 INFO  compiling project_bd2c96d2de (3 scala sources)
2023.09.01 13:44:55 INFO  time: compiled project_bd2c96d2de in 1.22s
2023.09.01 13:45:02 INFO  compiling project_bd2c96d2de (3 scala sources)
2023.09.01 13:45:03 INFO  time: compiled project_bd2c96d2de in 1.06s
2023.09.01 13:45:11 INFO  compiling project_bd2c96d2de (3 scala sources)
2023.09.01 13:45:11 INFO  time: compiled project_bd2c96d2de in 0.96s
2023.09.01 13:45:14 INFO  compiling project_bd2c96d2de (3 scala sources)
2023.09.01 13:45:15 INFO  time: compiled project_bd2c96d2de in 1.23s
2023.09.01 13:45:23 INFO  compiling project_bd2c96d2de (3 scala sources)
2023.09.01 13:45:24 INFO  time: compiled project_bd2c96d2de in 1.07s
2023.09.01 13:45:24 INFO  compiling project_bd2c96d2de (3 scala sources)
2023.09.01 13:45:24 INFO  time: compiled project_bd2c96d2de in 0.13s
Sep 01, 2023 1:54:19 PM org.eclipse.lsp4j.jsonrpc.services.GenericEndpoint notify
INFO: Unsupported notification method: $/setTrace
2023.09.01 20:50:42 INFO  Shutting down server
2023.09.01 20:50:42 INFO  shutting down Metals
2023.09.01 20:50:43 INFO  Shut down connection with build server.
2023.09.01 20:50:42 INFO  Exiting server
